\BOOKMARK [0][-]{chapter.1}{1 An Introduction to Computation in Machines, Brains and Mathematics}{}% 1
\BOOKMARK [0][-]{chapter.2}{2 Feedforward Neural Networks and Predictive Coding}{}% 2
\BOOKMARK [1][-]{section.2.1}{2.1 Structure of Neural Networks}{chapter.2}% 3
\BOOKMARK [2][-]{subsection.2.1.1}{2.1.1 The Network Matrix}{section.2.1}% 4
\BOOKMARK [2][-]{subsection.2.1.2}{2.1.2 Layerization}{section.2.1}% 5
\BOOKMARK [2][-]{subsection.2.1.3}{2.1.3 The Generative Model}{section.2.1}% 6
\BOOKMARK [2][-]{subsection.2.1.4}{2.1.4 Alternative Definitions of Neural Networks}{section.2.1}% 7
\BOOKMARK [1][-]{section.2.2}{2.2 States of Neural Networks}{chapter.2}% 8
\BOOKMARK [2][-]{subsection.2.2.1}{2.2.1 Network Functions}{section.2.2}% 9
\BOOKMARK [2][-]{subsection.2.2.2}{2.2.2 States in Feedforward and Additive Neural Networks}{section.2.2}% 10
\BOOKMARK [2][-]{subsection.2.2.3}{2.2.3 States in Predictive Coding}{section.2.2}% 11
\BOOKMARK [1][-]{section.2.3}{2.3 Learning in Neural Networks}{chapter.2}% 12
\BOOKMARK [2][-]{subsection.2.3.1}{2.3.1 Learning Functions}{section.2.3}% 13
\BOOKMARK [2][-]{subsection.2.3.2}{2.3.2 Backpropagation}{section.2.3}% 14
\BOOKMARK [2][-]{subsection.2.3.3}{2.3.3 Learning in Predictive Coding}{section.2.3}% 15
\BOOKMARK [2][-]{subsection.2.3.4}{2.3.4 Backpropagation and Predictive Coding}{section.2.3}% 16
\BOOKMARK [0][-]{chapter.3}{3 Towards New Grounds}{}% 17
\BOOKMARK [1][-]{section.3.1}{3.1 Linear Models}{chapter.3}% 18
\BOOKMARK [1][-]{section.3.2}{3.2 Results and Outlook}{chapter.3}% 19
\BOOKMARK [0][-]{appendix.A}{A Matrix Rules}{}% 20
\BOOKMARK [1][-]{section.A.1}{A.1 Matrix Derivation}{appendix.A}% 21
\BOOKMARK [1][-]{section.A.2}{A.2 Positive definite and semidefinite matrices}{appendix.A}% 22
